C51 COMPILER V9.51   MAIN                                                                  03/22/2015 23:03:12 PAGE 1   


C51 COMPILER V9.51, COMPILATION OF MODULE MAIN
OBJECT MODULE PLACED IN .\DP8051\DP8051_Keil_951\Debug\main.obj
COMPILER INVOKED BY: C:\Program Files (x86)\Cypress\PSoC Creator\3.1\PSoC Creator\import\keil\pk51\9.51\C51\BIN\c51.exe 
                    -.\main.c NOIV LARGE MODDP2 OMF2 VB(1) NOIP INCDIR(.,.\Generated_Source\PSoC3) FF(3) DB DF(DEBUG) WL(2) PR(.\DP8051\DP805
                    -1_Keil_951\Debug/main.lst) CD OT(2,SIZE) OJ(.\DP8051\DP8051_Keil_951\Debug\main.obj)

line level    source

   1          /* ========================================
   2           *
   3           * File:    main.c
   4           * Project: Ice Timer
   5           * Author:  Scott Lawson
   6           * Version: 2015.3.22
   7           *
   8           * ========================================
   9          */
  10          #include <project.h>
  11          
  12          int main()
  13          {
  14   1          LCD_Start();
  15   1          LCD_Position(0,0);
  16   1          LCD_PrintString("Ready to begin");
  17   1          LCD_Position(1,0);
  18   1          LCD_PrintString("timing...");
  19   1      
  20   1          startTimer_ISR_Start();
  21   1          stopTimer_ISR_Start();
  22   1          readyTimer_ISR_Start();
  23   1          
  24   1          CyGlobalIntEnable;
  25   1      
  26   1          for(;;)
  27   1          {
  28   2          }
  29   1      }
  30          
C51 COMPILER V9.51   MAIN                                                                  03/22/2015 23:03:12 PAGE 2   

ASSEMBLY LISTING OF GENERATED OBJECT CODE


             ; FUNCTION main (BEGIN)
                                           ; SOURCE LINE # 12
                                           ; SOURCE LINE # 13
                                           ; SOURCE LINE # 14
0000 120000      E     LCALL   LCD_Start
                                           ; SOURCE LINE # 15
0003 7D00              MOV     R5,#00H
0005 7F00              MOV     R7,#00H
0007 120000      E     LCALL   _LCD_Position
                                           ; SOURCE LINE # 16
000A 7BFF              MOV     R3,#0FFH
000C 7A00        R     MOV     R2,#HIGH ?SC_0
000E 7900        R     MOV     R1,#LOW ?SC_0
0010 120000      E     LCALL   _LCD_PrintString
                                           ; SOURCE LINE # 17
0013 7D00              MOV     R5,#00H
0015 7F01              MOV     R7,#01H
0017 120000      E     LCALL   _LCD_Position
                                           ; SOURCE LINE # 18
001A 7BFF              MOV     R3,#0FFH
001C 7A00        R     MOV     R2,#HIGH ?SC_15
001E 7900        R     MOV     R1,#LOW ?SC_15
0020 120000      E     LCALL   _LCD_PrintString
                                           ; SOURCE LINE # 20
0023 120000      E     LCALL   startTimer_ISR_Start
                                           ; SOURCE LINE # 21
0026 120000      E     LCALL   stopTimer_ISR_Start
                                           ; SOURCE LINE # 22
0029 120000      E     LCALL   readyTimer_ISR_Start
                                           ; SOURCE LINE # 24
002C D2AF              SETB    EA
002E 9044F4            MOV     DPTR,#044F4H
0031 74FD              MOV     A,#0FDH
0033 F0                MOVX    @DPTR,A
                                           ; SOURCE LINE # 26
0034         ?C0001:
                                           ; SOURCE LINE # 27
                                           ; SOURCE LINE # 28
0034 80FE              SJMP    ?C0001
0036 22                RET     
             ; FUNCTION main (END)



MODULE INFORMATION:   STATIC OVERLAYABLE
   CODE SIZE        =     55    ----
   CONSTANT SIZE    =     25    ----
   XDATA SIZE       =   ----    ----
   PDATA SIZE       =   ----    ----
   DATA SIZE        =   ----    ----
   IDATA SIZE       =   ----    ----
   BIT SIZE         =   ----    ----
   EDATA SIZE       =   ----    ----
   HDATA SIZE       =   ----    ----
   XDATA CONST SIZE =   ----    ----
   FAR CONST SIZE   =   ----    ----
END OF MODULE INFORMATION.


C51 COMPILATION COMPLETE.  0 WARNING(S),  0 ERROR(S)
