C51 COMPILER V9.51   STARTTIMER_ISR                                                        03/22/2015 23:00:38 PAGE 1   


C51 COMPILER V9.51, COMPILATION OF MODULE STARTTIMER_ISR
OBJECT MODULE PLACED IN .\DP8051\DP8051_Keil_951\Debug\startTimer_ISR.obj
COMPILER INVOKED BY: C:\Program Files (x86)\Cypress\PSoC Creator\3.1\PSoC Creator\import\keil\pk51\9.51\C51\BIN\c51.exe 
                    -.\Generated_Source\PSoC3\startTimer_ISR.c NOIV LARGE MODDP2 OMF2 VB(1) NOIP INCDIR(.,.\Generated_Source\PSoC3) FF(3) DB 
                    -DF(DEBUG) WL(2) PR(.\DP8051\DP8051_Keil_951\Debug/startTimer_ISR.lst) CD OT(2,SIZE) OJ(.\DP8051\DP8051_Keil_951\Debug\st
                    -artTimer_ISR.obj)

line level    source

   1          /*******************************************************************************
   2          * File Name: startTimer_ISR.c  
   3          * Version 1.70
   4          *
   5          *  Description:
   6          *   API for controlling the state of an interrupt.
   7          *
   8          *
   9          *  Note:
  10          *
  11          ********************************************************************************
  12          * Copyright 2008-2012, Cypress Semiconductor Corporation.  All rights reserved.
  13          * You may use this file only in accordance with the license, terms, conditions, 
  14          * disclaimers, and limitations in the end user license agreement accompanying 
  15          * the software package with which this file was provided.
  16          *******************************************************************************/
  17          
  18          #include <cydevice_trm.h>
  19          #include <CyLib.h>
  20          #include <startTimer_ISR.h>
  21          
  22          #if !defined(startTimer_ISR__REMOVED) /* Check for removal by optimization */
  23          
  24          /*******************************************************************************
  25          *  Place your includes, defines and code here 
  26          ********************************************************************************/
  27          /* `#START startTimer_ISR_intc` */
  28              
  29          #include <project.h>
  30              
  31          /* `#END` */
  32          
  33          
  34          /*******************************************************************************
  35          * Function Name: startTimer_ISR_Start
  36          ********************************************************************************
  37          *
  38          * Summary:
  39          *  Set up the interrupt and enable it.
  40          *
  41          * Parameters:  
  42          *   None
  43          *
  44          * Return:
  45          *   None
  46          *
  47          *******************************************************************************/
  48          void startTimer_ISR_Start(void) 
  49          {
  50   1          /* For all we know the interrupt is active. */
  51   1          startTimer_ISR_Disable();
  52   1      
C51 COMPILER V9.51   STARTTIMER_ISR                                                        03/22/2015 23:00:38 PAGE 2   

  53   1          /* Set the ISR to point to the startTimer_ISR Interrupt. */
  54   1          startTimer_ISR_SetVector(&startTimer_ISR_Interrupt);
  55   1      
  56   1          /* Set the priority. */
  57   1          startTimer_ISR_SetPriority((uint8)startTimer_ISR_INTC_PRIOR_NUMBER);
  58   1      
  59   1          /* Enable it. */
  60   1          startTimer_ISR_Enable();
  61   1      }
  62          
  63          
  64          /*******************************************************************************
  65          * Function Name: startTimer_ISR_StartEx
  66          ********************************************************************************
  67          *
  68          * Summary:
  69          *  Set up the interrupt and enable it.
  70          *
  71          * Parameters:  
  72          *   address: Address of the ISR to set in the interrupt vector table.
  73          *
  74          * Return:
  75          *   None
  76          *
  77          *******************************************************************************/
  78          void startTimer_ISR_StartEx(cyisraddress address) 
  79          {
  80   1          /* For all we know the interrupt is active. */
  81   1          startTimer_ISR_Disable();
  82   1      
  83   1          /* Set the ISR to point to the startTimer_ISR Interrupt. */
  84   1          startTimer_ISR_SetVector(address);
  85   1      
  86   1          /* Set the priority. */
  87   1          startTimer_ISR_SetPriority((uint8)startTimer_ISR_INTC_PRIOR_NUMBER);
  88   1      
  89   1          /* Enable it. */
  90   1          startTimer_ISR_Enable();
  91   1      }
  92          
  93          
  94          /*******************************************************************************
  95          * Function Name: startTimer_ISR_Stop
  96          ********************************************************************************
  97          *
  98          * Summary:
  99          *   Disables and removes the interrupt.
 100          *
 101          * Parameters:  
 102          *   None
 103          *
 104          * Return:
 105          *   None
 106          *
 107          *******************************************************************************/
 108          void startTimer_ISR_Stop(void) 
 109          {
 110   1          /* Disable this interrupt. */
 111   1          startTimer_ISR_Disable();
 112   1      }
 113          
 114          
C51 COMPILER V9.51   STARTTIMER_ISR                                                        03/22/2015 23:00:38 PAGE 3   

 115          /*******************************************************************************
 116          * Function Name: startTimer_ISR_Interrupt
 117          ********************************************************************************
 118          * Summary:
 119          *   The default Interrupt Service Routine for startTimer_ISR.
 120          *
 121          *   Add custom code between the coments to keep the next version of this file
 122          *   from over writting your code.
 123          *
 124          * Parameters:  
 125          *   None
 126          *
 127          * Return:
 128          *   None
 129          *
 130          *******************************************************************************/
 131          CY_ISR(startTimer_ISR_Interrupt)
 132          {
 133   1          /*  Place your Interrupt code here. */
 134   1          /* `#START startTimer_ISR_Interrupt` */
 135   1      
 136   1          LCD_ClearDisplay();
 137   1          LCD_Position(0,0);
 138   1          LCD_PrintString("Timing...");
 139   1          
 140   1          /* `#END` */
 141   1      
 142   1          /* PSoC3 ES1, ES2 RTC ISR PATCH  */ 
 143   1          #if(CYDEV_CHIP_FAMILY_USED == CYDEV_CHIP_FAMILY_PSOC3)
 144   1              #if((CYDEV_CHIP_REVISION_USED <= CYDEV_CHIP_REVISION_3A_ES2) && (startTimer_ISR__ES2_PATCH ))     
             - 
                          startTimer_ISR_ISR_PATCH();
                      #endif /* CYDEV_CHIP_REVISION_USED */
 147   1          #endif /* (CYDEV_CHIP_FAMILY_USED == CYDEV_CHIP_FAMILY_PSOC3) */
 148   1      }
 149          
 150          
 151          /*******************************************************************************
 152          * Function Name: startTimer_ISR_SetVector
 153          ********************************************************************************
 154          *
 155          * Summary:
 156          *   Change the ISR vector for the Interrupt. Note calling startTimer_ISR_Start
 157          *   will override any effect this method would have had. To set the vector 
 158          *   before the component has been started use startTimer_ISR_StartEx instead.
 159          *
 160          * Parameters:
 161          *   address: Address of the ISR to set in the interrupt vector table.
 162          *
 163          * Return:
 164          *   None
 165          *
 166          *******************************************************************************/
 167          void startTimer_ISR_SetVector(cyisraddress address) 
 168          {
 169   1          CY_SET_REG16(startTimer_ISR_INTC_VECTOR, (uint16) address);
 170   1      }
 171          
 172          
 173          /*******************************************************************************
 174          * Function Name: startTimer_ISR_GetVector
 175          ********************************************************************************
C51 COMPILER V9.51   STARTTIMER_ISR                                                        03/22/2015 23:00:38 PAGE 4   

 176          *
 177          * Summary:
 178          *   Gets the "address" of the current ISR vector for the Interrupt.
 179          *
 180          * Parameters:
 181          *   None
 182          *
 183          * Return:
 184          *   Address of the ISR in the interrupt vector table.
 185          *
 186          *******************************************************************************/
 187          cyisraddress startTimer_ISR_GetVector(void) 
 188          {
 189   1          return (cyisraddress) CY_GET_REG16(startTimer_ISR_INTC_VECTOR);
 190   1      }
 191          
 192          
 193          /*******************************************************************************
 194          * Function Name: startTimer_ISR_SetPriority
 195          ********************************************************************************
 196          *
 197          * Summary:
 198          *   Sets the Priority of the Interrupt. Note calling startTimer_ISR_Start
 199          *   or startTimer_ISR_StartEx will override any effect this method would 
 200          *   have had. This method should only be called after startTimer_ISR_Start or 
 201          *   startTimer_ISR_StartEx has been called. To set the initial
 202          *   priority for the component use the cydwr file in the tool.
 203          *
 204          * Parameters:
 205          *   priority: Priority of the interrupt. 0 - 7, 0 being the highest.
 206          *
 207          * Return:
 208          *   None
 209          *
 210          *******************************************************************************/
 211          void startTimer_ISR_SetPriority(uint8 priority) 
 212          {
 213   1          *startTimer_ISR_INTC_PRIOR = priority << 5;
 214   1      }
 215          
 216          
 217          /*******************************************************************************
 218          * Function Name: startTimer_ISR_GetPriority
 219          ********************************************************************************
 220          *
 221          * Summary:
 222          *   Gets the Priority of the Interrupt.
 223          *
 224          * Parameters:
 225          *   None
 226          *
 227          * Return:
 228          *   Priority of the interrupt. 0 - 7, 0 being the highest.
 229          *
 230          *******************************************************************************/
 231          uint8 startTimer_ISR_GetPriority(void) 
 232          {
 233   1          uint8 priority;
 234   1      
 235   1      
 236   1          priority = *startTimer_ISR_INTC_PRIOR >> 5;
 237   1      
C51 COMPILER V9.51   STARTTIMER_ISR                                                        03/22/2015 23:00:38 PAGE 5   

 238   1          return priority;
 239   1      }
 240          
 241          
 242          /*******************************************************************************
 243          * Function Name: startTimer_ISR_Enable
 244          ********************************************************************************
 245          *
 246          * Summary:
 247          *   Enables the interrupt.
 248          *
 249          * Parameters:
 250          *   None
 251          *
 252          * Return:
 253          *   None
 254          *
 255          *******************************************************************************/
 256          void startTimer_ISR_Enable(void) 
 257          {
 258   1          /* Enable the general interrupt. */
 259   1          *startTimer_ISR_INTC_SET_EN = startTimer_ISR__INTC_MASK;
 260   1      }
 261          
 262          
 263          /*******************************************************************************
 264          * Function Name: startTimer_ISR_GetState
 265          ********************************************************************************
 266          *
 267          * Summary:
 268          *   Gets the state (enabled, disabled) of the Interrupt.
 269          *
 270          * Parameters:
 271          *   None
 272          *
 273          * Return:
 274          *   1 if enabled, 0 if disabled.
 275          *
 276          *******************************************************************************/
 277          uint8 startTimer_ISR_GetState(void) 
 278          {
 279   1          /* Get the state of the general interrupt. */
 280   1          return ((*startTimer_ISR_INTC_SET_EN & (uint8)startTimer_ISR__INTC_MASK) != 0u) ? 1u:0u;
 281   1      }
 282          
 283          
 284          /*******************************************************************************
 285          * Function Name: startTimer_ISR_Disable
 286          ********************************************************************************
 287          *
 288          * Summary:
 289          *   Disables the Interrupt.
 290          *
 291          * Parameters:
 292          *   None
 293          *
 294          * Return:
 295          *   None
 296          *
 297          *******************************************************************************/
 298          void startTimer_ISR_Disable(void) 
 299          {
C51 COMPILER V9.51   STARTTIMER_ISR                                                        03/22/2015 23:00:38 PAGE 6   

 300   1          /* Disable the general interrupt. */
 301   1          *startTimer_ISR_INTC_CLR_EN = startTimer_ISR__INTC_MASK;
 302   1      }
 303          
 304          
 305          /*******************************************************************************
 306          * Function Name: startTimer_ISR_SetPending
 307          ********************************************************************************
 308          *
 309          * Summary:
 310          *   Causes the Interrupt to enter the pending state, a software method of
 311          *   generating the interrupt.
 312          *
 313          * Parameters:
 314          *   None
 315          *
 316          * Return:
 317          *   None
 318          *
 319          *******************************************************************************/
 320          void startTimer_ISR_SetPending(void) 
 321          {
 322   1          *startTimer_ISR_INTC_SET_PD = startTimer_ISR__INTC_MASK;
 323   1      }
 324          
 325          
 326          /*******************************************************************************
 327          * Function Name: startTimer_ISR_ClearPending
 328          ********************************************************************************
 329          *
 330          * Summary:
 331          *   Clears a pending interrupt.
 332          *
 333          * Parameters:
 334          *   None
 335          *
 336          * Return:
 337          *   None
 338          *
 339          *******************************************************************************/
 340          void startTimer_ISR_ClearPending(void) 
 341          {
 342   1          *startTimer_ISR_INTC_CLR_PD = startTimer_ISR__INTC_MASK;
 343   1      }
 344          
 345          #endif /* End check for removal by optimization */
 346          
 347          
 348          /* [] END OF FILE */
C51 COMPILER V9.51   STARTTIMER_ISR                                                        03/22/2015 23:00:38 PAGE 7   

ASSEMBLY LISTING OF GENERATED OBJECT CODE


             ; FUNCTION startTimer_ISR_Start (BEGIN)
                                           ; SOURCE LINE # 48
                                           ; SOURCE LINE # 49
                                           ; SOURCE LINE # 51
0000 120000      R     LCALL   startTimer_ISR_Disable
                                           ; SOURCE LINE # 54
0003 7E00        R     MOV     R6,#HIGH startTimer_ISR_Interrupt
0005 7F00        R     MOV     R7,#LOW startTimer_ISR_Interrupt
0007 120000      R     LCALL   _startTimer_ISR_SetVector
                                           ; SOURCE LINE # 57
000A 7F07              MOV     R7,#07H
000C 120000      R     LCALL   _startTimer_ISR_SetPriority
                                           ; SOURCE LINE # 60
000F 120000      R     LCALL   startTimer_ISR_Enable
                                           ; SOURCE LINE # 61
0012 22                RET     
             ; FUNCTION startTimer_ISR_Start (END)

             ; FUNCTION _startTimer_ISR_StartEx (BEGIN)
                                           ; SOURCE LINE # 78
0000 900000      R     MOV     DPTR,#address
0003 EE                MOV     A,R6
0004 F0                MOVX    @DPTR,A
0005 A3                INC     DPTR
0006 EF                MOV     A,R7
0007 F0                MOVX    @DPTR,A
                                           ; SOURCE LINE # 79
                                           ; SOURCE LINE # 81
0008 120000      R     LCALL   startTimer_ISR_Disable
                                           ; SOURCE LINE # 84
000B 900000      R     MOV     DPTR,#address
000E E0                MOVX    A,@DPTR
000F FE                MOV     R6,A
0010 A3                INC     DPTR
0011 E0                MOVX    A,@DPTR
0012 FF                MOV     R7,A
0013 120000      R     LCALL   _startTimer_ISR_SetVector
                                           ; SOURCE LINE # 87
0016 7F07              MOV     R7,#07H
0018 120000      R     LCALL   _startTimer_ISR_SetPriority
                                           ; SOURCE LINE # 90
001B 120000      R     LCALL   startTimer_ISR_Enable
                                           ; SOURCE LINE # 91
001E 22                RET     
             ; FUNCTION _startTimer_ISR_StartEx (END)

             ; FUNCTION startTimer_ISR_Stop (BEGIN)
                                           ; SOURCE LINE # 108
                                           ; SOURCE LINE # 109
                                           ; SOURCE LINE # 111
0000 120000      R     LCALL   startTimer_ISR_Disable
                                           ; SOURCE LINE # 112
0003 22                RET     
             ; FUNCTION startTimer_ISR_Stop (END)

             ; FUNCTION startTimer_ISR_Interrupt (BEGIN)
0000 C0E0              PUSH    ACC
0002 C0F0              PUSH    B
0004 C083              PUSH    DPH
C51 COMPILER V9.51   STARTTIMER_ISR                                                        03/22/2015 23:00:38 PAGE 8   

0006 C082              PUSH    DPL
0008 C085              PUSH    DPH1
000A C084              PUSH    DPL1
000C C086              PUSH    DPS
000E 758600            MOV     DPS,#00H
0011 C000        E     PUSH    ?C?XPAGE1SFR
0013 750000      E     MOV     ?C?XPAGE1SFR,#?C?XPAGE1RST
0016 C0D0              PUSH    PSW
0018 75D000            MOV     PSW,#00H
001B C000              PUSH    AR0
001D C001              PUSH    AR1
001F C002              PUSH    AR2
0021 C003              PUSH    AR3
0023 C004              PUSH    AR4
0025 C005              PUSH    AR5
0027 C006              PUSH    AR6
0029 C007              PUSH    AR7
                                           ; SOURCE LINE # 131
                                           ; SOURCE LINE # 136
002B 7F01              MOV     R7,#01H
002D 120000      E     LCALL   _LCD_WriteControl
                                           ; SOURCE LINE # 137
0030 7D00              MOV     R5,#00H
0032 7F00              MOV     R7,#00H
0034 120000      E     LCALL   _LCD_Position
                                           ; SOURCE LINE # 138
0037 7BFF              MOV     R3,#0FFH
0039 7A00        R     MOV     R2,#HIGH ?SC_0
003B 7900        R     MOV     R1,#LOW ?SC_0
003D 120000      E     LCALL   _LCD_PrintString
                                           ; SOURCE LINE # 148
0040 D007              POP     AR7
0042 D006              POP     AR6
0044 D005              POP     AR5
0046 D004              POP     AR4
0048 D003              POP     AR3
004A D002              POP     AR2
004C D001              POP     AR1
004E D000              POP     AR0
0050 D0D0              POP     PSW
0052 D000        E     POP     ?C?XPAGE1SFR
0054 D086              POP     DPS
0056 D084              POP     DPL1
0058 D085              POP     DPH1
005A D082              POP     DPL
005C D083              POP     DPH
005E D0F0              POP     B
0060 D0E0              POP     ACC
0062 32                RETI    
             ; FUNCTION startTimer_ISR_Interrupt (END)

             ; FUNCTION _startTimer_ISR_SetVector (BEGIN)
                                           ; SOURCE LINE # 167
0000 900000      R     MOV     DPTR,#address
0003 EE                MOV     A,R6
0004 F0                MOVX    @DPTR,A
0005 A3                INC     DPTR
0006 EF                MOV     A,R7
0007 F0                MOVX    @DPTR,A
                                           ; SOURCE LINE # 168
                                           ; SOURCE LINE # 169
0008 7B02              MOV     R3,#02H
C51 COMPILER V9.51   STARTTIMER_ISR                                                        03/22/2015 23:00:38 PAGE 9   

000A 7A44              MOV     R2,#044H
000C 7902              MOV     R1,#02H
000E 900000      R     MOV     DPTR,#address
0011 E0                MOVX    A,@DPTR
0012 FE                MOV     R6,A
0013 A3                INC     DPTR
0014 E0                MOVX    A,@DPTR
0015 FF                MOV     R7,A
0016 AD07              MOV     R5,AR7
0018 AC06              MOV     R4,AR6
001A 120000      E     LCALL   _cywrite16_nodpx
                                           ; SOURCE LINE # 170
001D 22                RET     
             ; FUNCTION _startTimer_ISR_SetVector (END)

             ; FUNCTION startTimer_ISR_GetVector (BEGIN)
                                           ; SOURCE LINE # 187
                                           ; SOURCE LINE # 188
                                           ; SOURCE LINE # 189
0000 7B02              MOV     R3,#02H
0002 7A44              MOV     R2,#044H
0004 7902              MOV     R1,#02H
0006 120000      E     LCALL   _cyread16_nodpx
                                           ; SOURCE LINE # 190
0009         ?C0006:
0009 22                RET     
             ; FUNCTION startTimer_ISR_GetVector (END)

             ; FUNCTION _startTimer_ISR_SetPriority (BEGIN)
                                           ; SOURCE LINE # 211
0000 900000      R     MOV     DPTR,#priority
0003 EF                MOV     A,R7
0004 F0                MOVX    @DPTR,A
                                           ; SOURCE LINE # 212
                                           ; SOURCE LINE # 213
0005 900000      R     MOV     DPTR,#priority
0008 E0                MOVX    A,@DPTR
0009 FF                MOV     R7,A
000A EF                MOV     A,R7
000B C4                SWAP    A
000C 33                RLC     A
000D 54E0              ANL     A,#0E0H
000F FF                MOV     R7,A
0010 904481            MOV     DPTR,#04481H
0013 EF                MOV     A,R7
0014 F0                MOVX    @DPTR,A
                                           ; SOURCE LINE # 214
0015 22                RET     
             ; FUNCTION _startTimer_ISR_SetPriority (END)

             ; FUNCTION startTimer_ISR_GetPriority (BEGIN)
                                           ; SOURCE LINE # 231
                                           ; SOURCE LINE # 232
                                           ; SOURCE LINE # 236
0000 904481            MOV     DPTR,#04481H
0003 E0                MOVX    A,@DPTR
0004 FF                MOV     R7,A
0005 EF                MOV     A,R7
0006 C4                SWAP    A
0007 13                RRC     A
0008 5407              ANL     A,#07H
000A FF                MOV     R7,A
C51 COMPILER V9.51   STARTTIMER_ISR                                                        03/22/2015 23:00:38 PAGE 10  

000B 900000      R     MOV     DPTR,#priority
000E EF                MOV     A,R7
000F F0                MOVX    @DPTR,A
                                           ; SOURCE LINE # 238
0010 900000      R     MOV     DPTR,#priority
0013 E0                MOVX    A,@DPTR
0014 FF                MOV     R7,A
                                           ; SOURCE LINE # 239
0015         ?C0008:
0015 22                RET     
             ; FUNCTION startTimer_ISR_GetPriority (END)

             ; FUNCTION startTimer_ISR_Enable (BEGIN)
                                           ; SOURCE LINE # 256
                                           ; SOURCE LINE # 257
                                           ; SOURCE LINE # 259
0000 9044C0            MOV     DPTR,#044C0H
0003 7402              MOV     A,#02H
0005 F0                MOVX    @DPTR,A
                                           ; SOURCE LINE # 260
0006 22                RET     
             ; FUNCTION startTimer_ISR_Enable (END)

             ; FUNCTION startTimer_ISR_GetState (BEGIN)
                                           ; SOURCE LINE # 277
                                           ; SOURCE LINE # 278
                                           ; SOURCE LINE # 280
0000 9044C0            MOV     DPTR,#044C0H
0003 E0                MOVX    A,@DPTR
0004 FF                MOV     R7,A
0005 EF                MOV     A,R7
0006 30E104            JNB     ACC.1,?C0010
0009 7F01              MOV     R7,#01H
000B 8002              SJMP    ?C0011
000D         ?C0010:
000D 7F00              MOV     R7,#00H
000F         ?C0011:
                                           ; SOURCE LINE # 281
000F         ?C0012:
000F 22                RET     
             ; FUNCTION startTimer_ISR_GetState (END)

             ; FUNCTION startTimer_ISR_Disable (BEGIN)
                                           ; SOURCE LINE # 298
                                           ; SOURCE LINE # 299
                                           ; SOURCE LINE # 301
0000 9044C8            MOV     DPTR,#044C8H
0003 7402              MOV     A,#02H
0005 F0                MOVX    @DPTR,A
                                           ; SOURCE LINE # 302
0006 22                RET     
             ; FUNCTION startTimer_ISR_Disable (END)

             ; FUNCTION startTimer_ISR_SetPending (BEGIN)
                                           ; SOURCE LINE # 320
                                           ; SOURCE LINE # 321
                                           ; SOURCE LINE # 322
0000 9044D0            MOV     DPTR,#044D0H
0003 7402              MOV     A,#02H
0005 F0                MOVX    @DPTR,A
                                           ; SOURCE LINE # 323
0006 22                RET     
C51 COMPILER V9.51   STARTTIMER_ISR                                                        03/22/2015 23:00:38 PAGE 11  

             ; FUNCTION startTimer_ISR_SetPending (END)

             ; FUNCTION startTimer_ISR_ClearPending (BEGIN)
                                           ; SOURCE LINE # 340
                                           ; SOURCE LINE # 341
                                           ; SOURCE LINE # 342
0000 9044D8            MOV     DPTR,#044D8H
0003 7402              MOV     A,#02H
0005 F0                MOVX    @DPTR,A
                                           ; SOURCE LINE # 343
0006 22                RET     
             ; FUNCTION startTimer_ISR_ClearPending (END)



MODULE INFORMATION:   STATIC OVERLAYABLE
   CODE SIZE        =    281    ----
   CONSTANT SIZE    =     10    ----
   XDATA SIZE       =   ----       6
   PDATA SIZE       =   ----    ----
   DATA SIZE        =   ----    ----
   IDATA SIZE       =   ----    ----
   BIT SIZE         =   ----    ----
   EDATA SIZE       =   ----    ----
   HDATA SIZE       =   ----    ----
   XDATA CONST SIZE =   ----    ----
   FAR CONST SIZE   =   ----    ----
END OF MODULE INFORMATION.


C51 COMPILATION COMPLETE.  0 WARNING(S),  0 ERROR(S)
